<?xml version="1.0" encoding="UTF-8"?>
<!-- Generated by org.testng.reporters.JUnitReportReporter -->
<testsuite hostname="DESKTOP-3DVRLHB" failures="0" tests="1" name="com.demomaven.testsript.demoCustomer" time="0.021" errors="0" timestamp="04 Jul 2023 08:20:44 GMT" skipped="0">
  <testcase classname="com.demomaven.testsript.demoCustomer" name="testDemoCustomer" time="0.021"/>
</testsuite> <!-- com.demomaven.testsript.demoCustomer -->
